Determining if the pthread_create exist failed with the following output:
Change Dir: /home/phamvandan/catkin_ws/build/CMakeFiles/CMakeTmp

Run Build Command:"/usr/bin/make" "cmTC_95032/fast"
/usr/bin/make -f CMakeFiles/cmTC_95032.dir/build.make CMakeFiles/cmTC_95032.dir/build
make[1]: Entering directory '/home/phamvandan/catkin_ws/build/CMakeFiles/CMakeTmp'
Building C object CMakeFiles/cmTC_95032.dir/CheckSymbolExists.c.o
/usr/bin/cc    -o CMakeFiles/cmTC_95032.dir/CheckSymbolExists.c.o   -c /home/phamvandan/catkin_ws/build/CMakeFiles/CMakeTmp/CheckSymbolExists.c
Linking C executable cmTC_95032
/usr/bin/cmake -E cmake_link_script CMakeFiles/cmTC_95032.dir/link.txt --verbose=1
/usr/bin/cc      -rdynamic CMakeFiles/cmTC_95032.dir/CheckSymbolExists.c.o  -o cmTC_95032 
CMakeFiles/cmTC_95032.dir/CheckSymbolExists.c.o: In function `main':
CheckSymbolExists.c:(.text+0x1b): undefined reference to `pthread_create'
collect2: error: ld returned 1 exit status
CMakeFiles/cmTC_95032.dir/build.make:86: recipe for target 'cmTC_95032' failed
make[1]: *** [cmTC_95032] Error 1
make[1]: Leaving directory '/home/phamvandan/catkin_ws/build/CMakeFiles/CMakeTmp'
Makefile:121: recipe for target 'cmTC_95032/fast' failed
make: *** [cmTC_95032/fast] Error 2

File /home/phamvandan/catkin_ws/build/CMakeFiles/CMakeTmp/CheckSymbolExists.c:
/* */
#include <pthread.h>

int main(int argc, char** argv)
{
  (void)argv;
#ifndef pthread_create
  return ((int*)(&pthread_create))[argc];
#else
  (void)argc;
  return 0;
#endif
}

Determining if the function pthread_create exists in the pthreads failed with the following output:
Change Dir: /home/phamvandan/catkin_ws/build/CMakeFiles/CMakeTmp

Run Build Command:"/usr/bin/make" "cmTC_af715/fast"
/usr/bin/make -f CMakeFiles/cmTC_af715.dir/build.make CMakeFiles/cmTC_af715.dir/build
make[1]: Entering directory '/home/phamvandan/catkin_ws/build/CMakeFiles/CMakeTmp'
Building C object CMakeFiles/cmTC_af715.dir/CheckFunctionExists.c.o
/usr/bin/cc   -DCHECK_FUNCTION_EXISTS=pthread_create   -o CMakeFiles/cmTC_af715.dir/CheckFunctionExists.c.o   -c /usr/share/cmake-3.13/Modules/CheckFunctionExists.c
Linking C executable cmTC_af715
/usr/bin/cmake -E cmake_link_script CMakeFiles/cmTC_af715.dir/link.txt --verbose=1
/usr/bin/cc  -DCHECK_FUNCTION_EXISTS=pthread_create    -rdynamic CMakeFiles/cmTC_af715.dir/CheckFunctionExists.c.o  -o cmTC_af715 -lpthreads 
/usr/bin/ld: cannot find -lpthreads
collect2: error: ld returned 1 exit status
CMakeFiles/cmTC_af715.dir/build.make:86: recipe for target 'cmTC_af715' failed
make[1]: *** [cmTC_af715] Error 1
make[1]: Leaving directory '/home/phamvandan/catkin_ws/build/CMakeFiles/CMakeTmp'
Makefile:121: recipe for target 'cmTC_af715/fast' failed
make: *** [cmTC_af715/fast] Error 2


